# JRE version: OpenJDK Runtime Environment Temurin-17.0.7+7 (17.0.7+7) (build 17.0.7+7)
# Java VM: OpenJDK 64-Bit Server VM Temurin-17.0.7+7 (17.0.7+7, mixed mode, emulated-client, tiered, compressed oops, compressed class ptrs, g1 gc, windows-amd64)
GC Precious Log:
 CPUs: 4 total, 4 available
 Memory: 3893M
 Large Page Support: Disabled
 NUMA Support: Disabled
 Compressed Oops: Enabled (32-bit)
 Heap Region Size: 1M
 Heap Min Capacity: 8M
 Heap Initial Capacity: 62M
 Heap Max Capacity: 974M
 Pre-touch: Disabled
 Parallel Workers: 4
 Concurrent Workers: 1
 Concurrent Refinement Workers: 4
 Periodic GC: Disabled
Heap:
 garbage-first heap   total 63488K, used 34660K [0x00000000c3200000, 0x0000000100000000)
  region size 1024K, 3 young (3072K), 2 survivors (2048K)
 Metaspace       used 78147K, committed 78656K, reserved 1179648K
  class space    used 10975K, committed 11200K, reserved 1048576K
GC Heap History (20 events):
Event: 11.285 GC heap before
{Heap before GC invocations=19 (full 0):
 garbage-first heap   total 49152K, used 38004K [0x00000000c3200000, 0x0000000100000000)
  region size 1024K, 17 young (17408K), 2 survivors (2048K)
 Metaspace       used 63590K, committed 64128K, reserved 1114112K
  class space    used 8767K, committed 9024K, reserved 1048576K
}
Event: 11.292 GC heap after
{Heap after GC invocations=20 (full 0):
 garbage-first heap   total 49152K, used 24761K [0x00000000c3200000, 0x0000000100000000)
  region size 1024K, 3 young (3072K), 3 survivors (3072K)
 Metaspace       used 63590K, committed 64128K, reserved 1114112K
  class space    used 8767K, committed 9024K, reserved 1048576K
}
Event: 12.161 GC heap before
{Heap before GC invocations=21 (full 0):
 garbage-first heap   total 50176K, used 38073K [0x00000000c3200000, 0x0000000100000000)
  region size 1024K, 16 young (16384K), 3 survivors (3072K)
 Metaspace       used 65940K, committed 66432K, reserved 1114112K
  class space    used 9102K, committed 9344K, reserved 1048576K
}
Event: 12.168 GC heap after
{Heap after GC invocations=22 (full 0):
 garbage-first heap   total 50176K, used 25894K [0x00000000c3200000, 0x0000000100000000)
  region size 1024K, 2 young (2048K), 2 survivors (2048K)
 Metaspace       used 65940K, committed 66432K, reserved 1114112K
  class space    used 9102K, committed 9344K, reserved 1048576K
}
Event: 12.504 GC heap before
{Heap before GC invocations=22 (full 0):
 garbage-first heap   total 50176K, used 38182K [0x00000000c3200000, 0x0000000100000000)
  region size 1024K, 15 young (15360K), 2 survivors (2048K)
 Metaspace       used 67714K, committed 68224K, reserved 1114112K
  class space    used 9380K, committed 9664K, reserved 1048576K
}
Event: 12.509 GC heap after
{Heap after GC invocations=23 (full 0):
 garbage-first heap   total 60416K, used 26791K [0x00000000c3200000, 0x0000000100000000)
  region size 1024K, 1 young (1024K), 1 survivors (1024K)
 Metaspace       used 67714K, committed 68224K, reserved 1114112K
  class space    used 9380K, committed 9664K, reserved 1048576K
}
Event: 12.913 GC heap before
{Heap before GC invocations=24 (full 0):
 garbage-first heap   total 60416K, used 47271K [0x00000000c3200000, 0x0000000100000000)
  region size 1024K, 22 young (22528K), 1 survivors (1024K)
 Metaspace       used 69792K, committed 70336K, reserved 1114112K
  class space    used 9764K, committed 10048K, reserved 1048576K
}
Event: 12.919 GC heap after
{Heap after GC invocations=25 (full 0):
 garbage-first heap   total 60416K, used 28146K [0x00000000c3200000, 0x0000000100000000)
  region size 1024K, 3 young (3072K), 3 survivors (3072K)
 Metaspace       used 69792K, committed 70336K, reserved 1114112K
  class space    used 9764K, committed 10048K, reserved 1048576K
}
Event: 13.750 GC heap before
{Heap before GC invocations=25 (full 0):
 garbage-first heap   total 60416K, used 47602K [0x00000000c3200000, 0x0000000100000000)
  region size 1024K, 22 young (22528K), 3 survivors (3072K)
 Metaspace       used 71307K, committed 71808K, reserved 1114112K
  class space    used 10032K, committed 10304K, reserved 1048576K
}
Event: 13.759 GC heap after
{Heap after GC invocations=26 (full 0):
 garbage-first heap   total 60416K, used 29968K [0x00000000c3200000, 0x0000000100000000)
  region size 1024K, 3 young (3072K), 3 survivors (3072K)
 Metaspace       used 71307K, committed 71808K, reserved 1114112K
  class space    used 10032K, committed 10304K, reserved 1048576K
}
Event: 14.652 GC heap before
{Heap before GC invocations=27 (full 0):
 garbage-first heap   total 60416K, used 47376K [0x00000000c3200000, 0x0000000100000000)
  region size 1024K, 20 young (20480K), 3 survivors (3072K)
 Metaspace       used 73642K, committed 74176K, reserved 1114112K
  class space    used 10361K, committed 10624K, reserved 1048576K
}
Event: 14.665 GC heap after
{Heap after GC invocations=28 (full 0):
 garbage-first heap   total 60416K, used 31917K [0x00000000c3200000, 0x0000000100000000)
  region size 1024K, 2 young (2048K), 2 survivors (2048K)
 Metaspace       used 73642K, committed 74176K, reserved 1114112K
  class space    used 10361K, committed 10624K, reserved 1048576K
}
Event: 110.690 GC heap before
{Heap before GC invocations=28 (full 0):
 garbage-first heap   total 60416K, used 48301K [0x00000000c3200000, 0x0000000100000000)
  region size 1024K, 18 young (18432K), 2 survivors (2048K)
 Metaspace       used 75630K, committed 76224K, reserved 1179648K
  class space    used 10628K, committed 10880K, reserved 1048576K
}
Event: 110.708 GC heap after
{Heap after GC invocations=29 (full 0):
 garbage-first heap   total 60416K, used 33341K [0x00000000c3200000, 0x0000000100000000)
  region size 1024K, 2 young (2048K), 2 survivors (2048K)
 Metaspace       used 75630K, committed 76224K, reserved 1179648K
  class space    used 10628K, committed 10880K, reserved 1048576K
}
Event: 1766.931 GC heap before
{Heap before GC invocations=30 (full 0):
 garbage-first heap   total 63488K, used 46653K [0x00000000c3200000, 0x0000000100000000)
  region size 1024K, 16 young (16384K), 2 survivors (2048K)
 Metaspace       used 78151K, committed 78656K, reserved 1179648K
  class space    used 10974K, committed 11200K, reserved 1048576K
}
Event: 1767.310 GC heap after
{Heap after GC invocations=31 (full 0):
 garbage-first heap   total 63488K, used 34379K [0x00000000c3200000, 0x0000000100000000)
  region size 1024K, 2 young (2048K), 2 survivors (2048K)
 Metaspace       used 78151K, committed 78656K, reserved 1179648K
  class space    used 10974K, committed 11200K, reserved 1048576K
}
Event: 1977.961 GC heap before
{Heap before GC invocations=31 (full 0):
 garbage-first heap   total 63488K, used 35403K [0x00000000c3200000, 0x0000000100000000)
  region size 1024K, 3 young (3072K), 2 survivors (2048K)
 Metaspace       used 78191K, committed 78656K, reserved 1179648K
  class space    used 10986K, committed 11200K, reserved 1048576K
}
Event: 1978.094 GC heap after
{Heap after GC invocations=32 (full 0):
 garbage-first heap   total 63488K, used 33339K [0x00000000c3200000, 0x0000000100000000)
  region size 1024K, 1 young (1024K), 1 survivors (1024K)
 Metaspace       used 78191K, committed 78656K, reserved 1179648K
  class space    used 10986K, committed 11200K, reserved 1048576K
}
Event: 17580.221 GC heap before
{Heap before GC invocations=32 (full 0):
 garbage-first heap   total 63488K, used 49723K [0x00000000c3200000, 0x0000000100000000)
  region size 1024K, 18 young (18432K), 1 survivors (1024K)
 Metaspace       used 78197K, committed 78656K, reserved 1179648K
  class space    used 10987K, committed 11200K, reserved 1048576K
}
Event: 17580.519 GC heap after
{Heap after GC invocations=33 (full 0):
 garbage-first heap   total 63488K, used 34660K [0x00000000c3200000, 0x0000000100000000)
  region size 1024K, 2 young (2048K), 2 survivors (2048K)
 Metaspace       used 78197K, committed 78656K, reserved 1179648K
  class space    used 10987K, committed 11200K, reserved 1048576K
}

