# JRE version: OpenJDK Runtime Environment Temurin-17.0.7+7 (17.0.7+7) (build 17.0.7+7)
# Java VM: OpenJDK 64-Bit Server VM Temurin-17.0.7+7 (17.0.7+7, mixed mode, emulated-client, tiered, compressed oops, compressed class ptrs, g1 gc, windows-amd64)
GC Precious Log:
 CPUs: 4 total, 4 available
 Memory: 3893M
 Large Page Support: Disabled
 NUMA Support: Disabled
 Compressed Oops: Enabled (32-bit)
 Heap Region Size: 1M
 Heap Min Capacity: 8M
 Heap Initial Capacity: 62M
 Heap Max Capacity: 974M
 Pre-touch: Disabled
 Parallel Workers: 4
 Concurrent Workers: 1
 Concurrent Refinement Workers: 4
 Periodic GC: Disabled
Heap:
 garbage-first heap   total 49152K, used 18532K [0x00000000c3200000, 0x0000000100000000)
  region size 1024K, 5 young (5120K), 3 survivors (3072K)
 Metaspace       used 36201K, committed 36608K, reserved 1114112K
  class space    used 4610K, committed 4800K, reserved 1048576K
GC Heap History (20 events):
Event: 2.036 GC heap before
{Heap before GC invocations=0 (full 0):
 garbage-first heap   total 63488K, used 14336K [0x00000000c3200000, 0x0000000100000000)
  region size 1024K, 13 young (13312K), 0 survivors (0K)
 Metaspace       used 13416K, committed 13632K, reserved 1114112K
  class space    used 1367K, committed 1472K, reserved 1048576K
}
Event: 2.050 GC heap after
{Heap after GC invocations=1 (full 0):
 garbage-first heap   total 63488K, used 7216K [0x00000000c3200000, 0x0000000100000000)
  region size 1024K, 2 young (2048K), 2 survivors (2048K)
 Metaspace       used 13416K, committed 13632K, reserved 1114112K
  class space    used 1367K, committed 1472K, reserved 1048576K
}
Event: 2.408 GC heap before
{Heap before GC invocations=1 (full 0):
 garbage-first heap   total 63488K, used 12336K [0x00000000c3200000, 0x0000000100000000)
  region size 1024K, 8 young (8192K), 2 survivors (2048K)
 Metaspace       used 15624K, committed 15808K, reserved 1114112K
  class space    used 1648K, committed 1728K, reserved 1048576K
}
Event: 2.413 GC heap after
{Heap after GC invocations=2 (full 0):
 garbage-first heap   total 63488K, used 8160K [0x00000000c3200000, 0x0000000100000000)
  region size 1024K, 1 young (1024K), 1 survivors (1024K)
 Metaspace       used 15624K, committed 15808K, reserved 1114112K
  class space    used 1648K, committed 1728K, reserved 1048576K
}
Event: 3.326 GC heap before
{Heap before GC invocations=2 (full 0):
 garbage-first heap   total 63488K, used 27616K [0x00000000c3200000, 0x0000000100000000)
  region size 1024K, 20 young (20480K), 1 survivors (1024K)
 Metaspace       used 19492K, committed 19776K, reserved 1114112K
  class space    used 2257K, committed 2368K, reserved 1048576K
}
Event: 3.331 GC heap after
{Heap after GC invocations=3 (full 0):
 garbage-first heap   total 63488K, used 9528K [0x00000000c3200000, 0x0000000100000000)
  region size 1024K, 2 young (2048K), 2 survivors (2048K)
 Metaspace       used 19492K, committed 19776K, reserved 1114112K
  class space    used 2257K, committed 2368K, reserved 1048576K
}
Event: 3.412 GC heap before
{Heap before GC invocations=3 (full 0):
 garbage-first heap   total 63488K, used 14648K [0x00000000c3200000, 0x0000000100000000)
  region size 1024K, 9 young (9216K), 2 survivors (2048K)
 Metaspace       used 21290K, committed 21504K, reserved 1114112K
  class space    used 2445K, committed 2560K, reserved 1048576K
}
Event: 3.416 GC heap after
{Heap after GC invocations=4 (full 0):
 garbage-first heap   total 63488K, used 9706K [0x00000000c3200000, 0x0000000100000000)
  region size 1024K, 3 young (3072K), 3 survivors (3072K)
 Metaspace       used 21290K, committed 21504K, reserved 1114112K
  class space    used 2445K, committed 2560K, reserved 1048576K
}
Event: 4.024 GC heap before
{Heap before GC invocations=5 (full 0):
 garbage-first heap   total 40960K, used 30186K [0x00000000c3200000, 0x0000000100000000)
  region size 1024K, 25 young (25600K), 3 survivors (3072K)
 Metaspace       used 26248K, committed 26560K, reserved 1114112K
  class space    used 3129K, committed 3264K, reserved 1048576K
}
Event: 4.035 GC heap after
{Heap after GC invocations=6 (full 0):
 garbage-first heap   total 40960K, used 11165K [0x00000000c3200000, 0x0000000100000000)
  region size 1024K, 4 young (4096K), 4 survivors (4096K)
 Metaspace       used 26248K, committed 26560K, reserved 1114112K
  class space    used 3129K, committed 3264K, reserved 1048576K
}
Event: 5.009 GC heap before
{Heap before GC invocations=6 (full 0):
 garbage-first heap   total 40960K, used 26525K [0x00000000c3200000, 0x0000000100000000)
  region size 1024K, 20 young (20480K), 4 survivors (4096K)
 Metaspace       used 27862K, committed 28096K, reserved 1114112K
  class space    used 3336K, committed 3456K, reserved 1048576K
}
Event: 5.025 GC heap after
{Heap after GC invocations=7 (full 0):
 garbage-first heap   total 40960K, used 12885K [0x00000000c3200000, 0x0000000100000000)
  region size 1024K, 3 young (3072K), 3 survivors (3072K)
 Metaspace       used 27862K, committed 28096K, reserved 1114112K
  class space    used 3336K, committed 3456K, reserved 1048576K
}
Event: 6.147 GC heap before
{Heap before GC invocations=7 (full 0):
 garbage-first heap   total 40960K, used 27221K [0x00000000c3200000, 0x0000000100000000)
  region size 1024K, 18 young (18432K), 3 survivors (3072K)
 Metaspace       used 29472K, committed 29824K, reserved 1114112K
  class space    used 3595K, committed 3776K, reserved 1048576K
}
Event: 6.155 GC heap after
{Heap after GC invocations=8 (full 0):
 garbage-first heap   total 40960K, used 13995K [0x00000000c3200000, 0x0000000100000000)
  region size 1024K, 3 young (3072K), 3 survivors (3072K)
 Metaspace       used 29472K, committed 29824K, reserved 1114112K
  class space    used 3595K, committed 3776K, reserved 1048576K
}
Event: 6.909 GC heap before
{Heap before GC invocations=8 (full 0):
 garbage-first heap   total 40960K, used 29355K [0x00000000c3200000, 0x0000000100000000)
  region size 1024K, 18 young (18432K), 3 survivors (3072K)
 Metaspace       used 31391K, committed 31744K, reserved 1114112K
  class space    used 3893K, committed 4032K, reserved 1048576K
}
Event: 6.917 GC heap after
{Heap after GC invocations=9 (full 0):
 garbage-first heap   total 40960K, used 15007K [0x00000000c3200000, 0x0000000100000000)
  region size 1024K, 3 young (3072K), 3 survivors (3072K)
 Metaspace       used 31391K, committed 31744K, reserved 1114112K
  class space    used 3893K, committed 4032K, reserved 1048576K
}
Event: 7.389 GC heap before
{Heap before GC invocations=9 (full 0):
 garbage-first heap   total 40960K, used 29343K [0x00000000c3200000, 0x0000000100000000)
  region size 1024K, 17 young (17408K), 3 survivors (3072K)
 Metaspace       used 34780K, committed 35200K, reserved 1114112K
  class space    used 4375K, committed 4544K, reserved 1048576K
}
Event: 7.397 GC heap after
{Heap after GC invocations=10 (full 0):
 garbage-first heap   total 49152K, used 16429K [0x00000000c3200000, 0x0000000100000000)
  region size 1024K, 3 young (3072K), 3 survivors (3072K)
 Metaspace       used 34780K, committed 35200K, reserved 1114112K
  class space    used 4375K, committed 4544K, reserved 1048576K
}
Event: 8.697 GC heap before
{Heap before GC invocations=10 (full 0):
 garbage-first heap   total 49152K, used 24621K [0x00000000c3200000, 0x0000000100000000)
  region size 1024K, 12 young (12288K), 3 survivors (3072K)
 Metaspace       used 35941K, committed 36288K, reserved 1114112K
  class space    used 4580K, committed 4736K, reserved 1048576K
}
Event: 8.706 GC heap after
{Heap after GC invocations=11 (full 0):
 garbage-first heap   total 49152K, used 17508K [0x00000000c3200000, 0x0000000100000000)
  region size 1024K, 3 young (3072K), 3 survivors (3072K)
 Metaspace       used 35941K, committed 36288K, reserved 1114112K
  class space    used 4580K, committed 4736K, reserved 1048576K
}

